2018-05-04T16:31:08.499063Z 0 [Warning] 'NO_ZERO_DATE', 'NO_ZERO_IN_DATE' and 'ERROR_FOR_DIVISION_BY_ZERO' sql modes should be used with strict mode. They will be merged with strict mode in a future release.
2018-05-04T16:31:08.502322Z 0 [Warning] 'NO_AUTO_CREATE_USER' sql mode was not set.
2018-05-04T16:31:08.502367Z 0 [Note] --secure-file-priv is set to NULL. Operations related to importing and exporting data are disabled
2018-05-04T16:31:08.601326Z 0 [Note] D:\Application\mysql-5.7.22-winx64\bin\mysqld.exe (mysqld 5.7.22) starting as process 7248 ...
2018-05-04T16:31:08.642384Z 0 [Note] InnoDB: Mutexes and rw_locks use Windows interlocked functions
2018-05-04T16:31:08.643350Z 0 [Note] InnoDB: Uses event mutexes
2018-05-04T16:31:08.644122Z 0 [Note] InnoDB: _mm_lfence() and _mm_sfence() are used for memory barrier
2018-05-04T16:31:08.644481Z 0 [Note] InnoDB: Compressed tables use zlib 1.2.3
2018-05-04T16:31:08.649297Z 0 [Note] InnoDB: Number of pools: 1
2018-05-04T16:31:08.652664Z 0 [Note] InnoDB: Not using CPU crc32 instructions
2018-05-04T16:31:08.656976Z 0 [Note] InnoDB: Initializing buffer pool, total size = 128M, instances = 1, chunk size = 128M
2018-05-04T16:31:08.665203Z 0 [Note] InnoDB: Completed initialization of buffer pool
2018-05-04T16:31:08.679090Z 0 [Note] InnoDB: The first innodb_system data file 'ibdata1' did not exist. A new tablespace will be created!
2018-05-04T16:31:08.680334Z 0 [Note] InnoDB: Setting file '.\ibdata1' size to 12 MB. Physically writing the file full; Please wait ...
2018-05-04T16:31:08.709621Z 0 [Note] InnoDB: File '.\ibdata1' size is now 12 MB.
2018-05-04T16:31:08.725129Z 0 [Note] InnoDB: Setting log file .\ib_logfile101 size to 48 MB
2018-05-04T16:31:08.850848Z 0 [Note] InnoDB: Setting log file .\ib_logfile1 size to 48 MB
2018-05-04T16:31:09.030447Z 0 [Note] InnoDB: Renaming log file .\ib_logfile101 to .\ib_logfile0
2018-05-04T16:31:09.033356Z 0 [Warning] InnoDB: New log files created, LSN=45790
2018-05-04T16:31:09.034445Z 0 [Note] InnoDB: Creating shared tablespace for temporary tables
2018-05-04T16:31:09.036153Z 0 [Note] InnoDB: Setting file '.\ibtmp1' size to 12 MB. Physically writing the file full; Please wait ...
2018-05-04T16:31:09.070411Z 0 [Note] InnoDB: File '.\ibtmp1' size is now 12 MB.
2018-05-04T16:31:09.085921Z 0 [Note] InnoDB: Doublewrite buffer not found: creating new
2018-05-04T16:31:09.105079Z 0 [Note] InnoDB: Doublewrite buffer created
2018-05-04T16:31:09.117892Z 0 [Note] InnoDB: 96 redo rollback segment(s) found. 96 redo rollback segment(s) are active.
2018-05-04T16:31:09.118618Z 0 [Note] InnoDB: 32 non-redo rollback segment(s) are active.
2018-05-04T16:31:09.119937Z 0 [Warning] InnoDB: Creating foreign key constraint system tables.
2018-05-04T16:31:09.130628Z 0 [Note] InnoDB: Foreign key constraint system tables created
2018-05-04T16:31:09.131303Z 0 [Note] InnoDB: Creating tablespace and datafile system tables.
2018-05-04T16:31:09.133269Z 0 [Note] InnoDB: Tablespace and datafile system tables created.
2018-05-04T16:31:09.133878Z 0 [Note] InnoDB: Creating sys_virtual system tables.
2018-05-04T16:31:09.135687Z 0 [Note] InnoDB: sys_virtual table created
2018-05-04T16:31:09.136692Z 0 [Note] InnoDB: Waiting for purge to start
2018-05-04T16:31:09.187705Z 0 [Note] InnoDB: 5.7.22 started; log sequence number 0
2018-05-04T16:31:09.194974Z 0 [Note] Plugin 'FEDERATED' is disabled.
mysqld: Table 'mysql.plugin' doesn't exist
2018-05-04T16:31:09.203507Z 0 [ERROR] Can't open the mysql.plugin table. Please run mysql_upgrade to create it.
2018-05-04T16:31:09.222015Z 0 [Note] Salting uuid generator variables, current_pid: 7248, server_start_time: 1525451468, bytes_sent: 0, 
2018-05-04T16:31:09.237935Z 0 [Note] Generated uuid: '8cf6f515-4fb8-11e8-8623-8b2e42c4120a', server_start_time: 1525458716, bytes_sent: 1968014491408
2018-05-04T16:31:09.239157Z 0 [Warning] No existing UUID has been found, so we assume that this is the first time that this server has been started. Generating a new UUID: 8cf6f515-4fb8-11e8-8623-8b2e42c4120a.
2018-05-04T16:31:09.261894Z 0 [Warning] Gtid table is not ready to be used. Table 'mysql.gtid_executed' cannot be opened.
2018-05-04T16:31:09.266737Z 0 [Warning] Failed to set up SSL because of the following SSL library error: SSL context is not usable without certificate and private key
2018-05-04T16:31:09.267932Z 0 [Note] Server hostname (bind-address): '0.0.0.0'; port: 3306
2018-05-04T16:31:09.268873Z 0 [Note]   - '0.0.0.0' resolves to '0.0.0.0';
2018-05-04T16:31:09.269283Z 0 [Note] Server socket created on IP: '0.0.0.0'.
2018-05-04T16:31:09.273870Z 0 [Warning] Failed to open optimizer cost constant tables

2018-05-04T16:31:09.283225Z 0 [ERROR] Fatal error: Can't open and lock privilege tables: Table 'mysql.user' doesn't exist
2018-05-04T16:31:09.284631Z 0 [ERROR] Aborting

2018-05-04T16:31:09.284913Z 0 [Note] Binlog end
2018-05-04T16:31:09.285748Z 0 [Note] Shutting down plugin 'ngram'
2018-05-04T16:31:09.285973Z 0 [Note] Shutting down plugin 'partition'
2018-05-04T16:31:09.286172Z 0 [Note] Shutting down plugin 'BLACKHOLE'
2018-05-04T16:31:09.286368Z 0 [Note] Shutting down plugin 'ARCHIVE'
2018-05-04T16:31:09.286557Z 0 [Note] Shutting down plugin 'PERFORMANCE_SCHEMA'
2018-05-04T16:31:09.286810Z 0 [Note] Shutting down plugin 'MRG_MYISAM'
2018-05-04T16:31:09.287012Z 0 [Note] Shutting down plugin 'MyISAM'
2018-05-04T16:31:09.287682Z 0 [Note] Shutting down plugin 'INNODB_SYS_VIRTUAL'
2018-05-04T16:31:09.288395Z 0 [Note] Shutting down plugin 'INNODB_SYS_DATAFILES'
2018-05-04T16:31:09.288799Z 0 [Note] Shutting down plugin 'INNODB_SYS_TABLESPACES'
2018-05-04T16:31:09.289033Z 0 [Note] Shutting down plugin 'INNODB_SYS_FOREIGN_COLS'
2018-05-04T16:31:09.289267Z 0 [Note] Shutting down plugin 'INNODB_SYS_FOREIGN'
2018-05-04T16:31:09.289486Z 0 [Note] Shutting down plugin 'INNODB_SYS_FIELDS'
2018-05-04T16:31:09.289708Z 0 [Note] Shutting down plugin 'INNODB_SYS_COLUMNS'
2018-05-04T16:31:09.289927Z 0 [Note] Shutting down plugin 'INNODB_SYS_INDEXES'
2018-05-04T16:31:09.290146Z 0 [Note] Shutting down plugin 'INNODB_SYS_TABLESTATS'
2018-05-04T16:31:09.290373Z 0 [Note] Shutting down plugin 'INNODB_SYS_TABLES'
2018-05-04T16:31:09.290594Z 0 [Note] Shutting down plugin 'INNODB_FT_INDEX_TABLE'
2018-05-04T16:31:09.290844Z 0 [Note] Shutting down plugin 'INNODB_FT_INDEX_CACHE'
2018-05-04T16:31:09.291072Z 0 [Note] Shutting down plugin 'INNODB_FT_CONFIG'
2018-05-04T16:31:09.291287Z 0 [Note] Shutting down plugin 'INNODB_FT_BEING_DELETED'
2018-05-04T16:31:09.291520Z 0 [Note] Shutting down plugin 'INNODB_FT_DELETED'
2018-05-04T16:31:09.291756Z 0 [Note] Shutting down plugin 'INNODB_FT_DEFAULT_STOPWORD'
2018-05-04T16:31:09.291997Z 0 [Note] Shutting down plugin 'INNODB_METRICS'
2018-05-04T16:31:09.292205Z 0 [Note] Shutting down plugin 'INNODB_TEMP_TABLE_INFO'
2018-05-04T16:31:09.292434Z 0 [Note] Shutting down plugin 'INNODB_BUFFER_POOL_STATS'
2018-05-04T16:31:09.292690Z 0 [Note] Shutting down plugin 'INNODB_BUFFER_PAGE_LRU'
2018-05-04T16:31:09.292920Z 0 [Note] Shutting down plugin 'INNODB_BUFFER_PAGE'
2018-05-04T16:31:09.293139Z 0 [Note] Shutting down plugin 'INNODB_CMP_PER_INDEX_RESET'
2018-05-04T16:31:09.293381Z 0 [Note] Shutting down plugin 'INNODB_CMP_PER_INDEX'
2018-05-04T16:31:09.293607Z 0 [Note] Shutting down plugin 'INNODB_CMPMEM_RESET'
2018-05-04T16:31:09.293841Z 0 [Note] Shutting down plugin 'INNODB_CMPMEM'
2018-05-04T16:31:09.294045Z 0 [Note] Shutting down plugin 'INNODB_CMP_RESET'
2018-05-04T16:31:09.294259Z 0 [Note] Shutting down plugin 'INNODB_CMP'
2018-05-04T16:31:09.294457Z 0 [Note] Shutting down plugin 'INNODB_LOCK_WAITS'
2018-05-04T16:31:09.294675Z 0 [Note] Shutting down plugin 'INNODB_LOCKS'
2018-05-04T16:31:09.294877Z 0 [Note] Shutting down plugin 'INNODB_TRX'
2018-05-04T16:31:09.295074Z 0 [Note] Shutting down plugin 'InnoDB'
2018-05-04T16:31:09.295334Z 0 [Note] InnoDB: FTS optimize thread exiting.
2018-05-04T16:31:09.295629Z 0 [Note] InnoDB: Starting shutdown...
2018-05-04T16:31:09.397513Z 0 [Note] InnoDB: Dumping buffer pool(s) to D:\AppData\mysql\Data\ib_buffer_pool
2018-05-04T16:31:09.407800Z 0 [Note] InnoDB: Buffer pool(s) dump completed at 180505  0:31:09
2018-05-04T16:31:10.672399Z 0 [Note] InnoDB: Shutdown completed; log sequence number 1209961
2018-05-04T16:31:10.673833Z 0 [Note] InnoDB: Removed temporary tablespace data file: "ibtmp1"
2018-05-04T16:31:10.674831Z 0 [Note] Shutting down plugin 'MEMORY'
2018-05-04T16:31:10.675331Z 0 [Note] Shutting down plugin 'CSV'
2018-05-04T16:31:10.675789Z 0 [Note] Shutting down plugin 'sha256_password'
2018-05-04T16:31:10.676333Z 0 [Note] Shutting down plugin 'mysql_native_password'
2018-05-04T16:31:10.677140Z 0 [Note] Shutting down plugin 'binlog'
2018-05-04T16:31:10.677707Z 0 [Note] D:\Application\mysql-5.7.22-winx64\bin\mysqld.exe: Shutdown complete

2018-05-04T16:32:25.095138Z 0 [Warning] 'NO_ZERO_DATE', 'NO_ZERO_IN_DATE' and 'ERROR_FOR_DIVISION_BY_ZERO' sql modes should be used with strict mode. They will be merged with strict mode in a future release.
2018-05-04T16:32:25.095225Z 0 [Warning] 'NO_AUTO_CREATE_USER' sql mode was not set.
2018-05-04T16:32:25.095256Z 0 [Note] --secure-file-priv is set to NULL. Operations related to importing and exporting data are disabled
2018-05-04T16:32:25.095626Z 0 [Note] D:\Application\mysql-5.7.22-winx64\bin\mysqld.exe (mysqld 5.7.22) starting as process 7220 ...
2018-05-04T16:32:25.104026Z 0 [Note] InnoDB: Mutexes and rw_locks use Windows interlocked functions
2018-05-04T16:32:25.104455Z 0 [Note] InnoDB: Uses event mutexes
2018-05-04T16:32:25.104704Z 0 [Note] InnoDB: _mm_lfence() and _mm_sfence() are used for memory barrier
2018-05-04T16:32:25.105045Z 0 [Note] InnoDB: Compressed tables use zlib 1.2.3
2018-05-04T16:32:25.105604Z 0 [Note] InnoDB: Number of pools: 1
2018-05-04T16:32:25.106159Z 0 [Note] InnoDB: Not using CPU crc32 instructions
2018-05-04T16:32:25.108490Z 0 [Note] InnoDB: Initializing buffer pool, total size = 128M, instances = 1, chunk size = 128M
2018-05-04T16:32:25.114898Z 0 [Note] InnoDB: Completed initialization of buffer pool
2018-05-04T16:32:25.161908Z 0 [Note] InnoDB: Highest supported file format is Barracuda.
2018-05-04T16:32:25.198826Z 0 [Note] InnoDB: Creating shared tablespace for temporary tables
2018-05-04T16:32:25.199536Z 0 [Note] InnoDB: Setting file '.\ibtmp1' size to 12 MB. Physically writing the file full; Please wait ...
2018-05-04T16:32:25.227332Z 0 [Note] InnoDB: File '.\ibtmp1' size is now 12 MB.
2018-05-04T16:32:25.235209Z 0 [Note] InnoDB: 96 redo rollback segment(s) found. 96 redo rollback segment(s) are active.
2018-05-04T16:32:25.235776Z 0 [Note] InnoDB: 32 non-redo rollback segment(s) are active.
2018-05-04T16:32:25.236350Z 0 [Note] InnoDB: Waiting for purge to start
2018-05-04T16:32:25.287479Z 0 [Note] InnoDB: 5.7.22 started; log sequence number 1209961
2018-05-04T16:32:25.289646Z 0 [Note] InnoDB: Loading buffer pool(s) from D:\AppData\mysql\Data\ib_buffer_pool
2018-05-04T16:32:25.289753Z 0 [Note] Plugin 'FEDERATED' is disabled.
mysqld: Table 'mysql.plugin' doesn't exist
2018-05-04T16:32:25.292439Z 0 [ERROR] Can't open the mysql.plugin table. Please run mysql_upgrade to create it.
2018-05-04T16:32:25.294735Z 0 [Note] InnoDB: Buffer pool(s) load completed at 180505  0:32:25
2018-05-04T16:32:25.296728Z 0 [Warning] Gtid table is not ready to be used. Table 'mysql.gtid_executed' cannot be opened.
2018-05-04T16:32:25.298883Z 0 [Warning] Failed to set up SSL because of the following SSL library error: SSL context is not usable without certificate and private key
2018-05-04T16:32:25.300606Z 0 [Note] Server hostname (bind-address): '0.0.0.0'; port: 3306
2018-05-04T16:32:25.301920Z 0 [Note]   - '0.0.0.0' resolves to '0.0.0.0';
2018-05-04T16:32:25.303035Z 0 [Note] Server socket created on IP: '0.0.0.0'.
2018-05-04T16:32:25.313462Z 0 [Warning] Failed to open optimizer cost constant tables

2018-05-04T16:32:25.316146Z 0 [ERROR] Fatal error: Can't open and lock privilege tables: Table 'mysql.user' doesn't exist
2018-05-04T16:32:25.318270Z 0 [ERROR] Aborting

2018-05-04T16:32:25.318865Z 0 [Note] Binlog end
2018-05-04T16:32:25.319501Z 0 [Note] Shutting down plugin 'ngram'
2018-05-04T16:32:25.320256Z 0 [Note] Shutting down plugin 'partition'
2018-05-04T16:32:25.320884Z 0 [Note] Shutting down plugin 'BLACKHOLE'
2018-05-04T16:32:25.321670Z 0 [Note] Shutting down plugin 'ARCHIVE'
2018-05-04T16:32:25.322256Z 0 [Note] Shutting down plugin 'PERFORMANCE_SCHEMA'
2018-05-04T16:32:25.323109Z 0 [Note] Shutting down plugin 'MRG_MYISAM'
2018-05-04T16:32:25.323785Z 0 [Note] Shutting down plugin 'MyISAM'
2018-05-04T16:32:25.324387Z 0 [Note] Shutting down plugin 'INNODB_SYS_VIRTUAL'
2018-05-04T16:32:25.325075Z 0 [Note] Shutting down plugin 'INNODB_SYS_DATAFILES'
2018-05-04T16:32:25.325791Z 0 [Note] Shutting down plugin 'INNODB_SYS_TABLESPACES'
2018-05-04T16:32:25.326523Z 0 [Note] Shutting down plugin 'INNODB_SYS_FOREIGN_COLS'
2018-05-04T16:32:25.327340Z 0 [Note] Shutting down plugin 'INNODB_SYS_FOREIGN'
2018-05-04T16:32:25.328023Z 0 [Note] Shutting down plugin 'INNODB_SYS_FIELDS'
2018-05-04T16:32:25.328803Z 0 [Note] Shutting down plugin 'INNODB_SYS_COLUMNS'
2018-05-04T16:32:25.329796Z 0 [Note] Shutting down plugin 'INNODB_SYS_INDEXES'
2018-05-04T16:32:25.330749Z 0 [Note] Shutting down plugin 'INNODB_SYS_TABLESTATS'
2018-05-04T16:32:25.331460Z 0 [Note] Shutting down plugin 'INNODB_SYS_TABLES'
2018-05-04T16:32:25.332243Z 0 [Note] Shutting down plugin 'INNODB_FT_INDEX_TABLE'
2018-05-04T16:32:25.333003Z 0 [Note] Shutting down plugin 'INNODB_FT_INDEX_CACHE'
2018-05-04T16:32:25.333736Z 0 [Note] Shutting down plugin 'INNODB_FT_CONFIG'
2018-05-04T16:32:25.334406Z 0 [Note] Shutting down plugin 'INNODB_FT_BEING_DELETED'
2018-05-04T16:32:25.335155Z 0 [Note] Shutting down plugin 'INNODB_FT_DELETED'
2018-05-04T16:32:25.335830Z 0 [Note] Shutting down plugin 'INNODB_FT_DEFAULT_STOPWORD'
2018-05-04T16:32:25.336618Z 0 [Note] Shutting down plugin 'INNODB_METRICS'
2018-05-04T16:32:25.337382Z 0 [Note] Shutting down plugin 'INNODB_TEMP_TABLE_INFO'
2018-05-04T16:32:25.338265Z 0 [Note] Shutting down plugin 'INNODB_BUFFER_POOL_STATS'
2018-05-04T16:32:25.339029Z 0 [Note] Shutting down plugin 'INNODB_BUFFER_PAGE_LRU'
2018-05-04T16:32:25.339777Z 0 [Note] Shutting down plugin 'INNODB_BUFFER_PAGE'
2018-05-04T16:32:25.340504Z 0 [Note] Shutting down plugin 'INNODB_CMP_PER_INDEX_RESET'
2018-05-04T16:32:25.341373Z 0 [Note] Shutting down plugin 'INNODB_CMP_PER_INDEX'
2018-05-04T16:32:25.342069Z 0 [Note] Shutting down plugin 'INNODB_CMPMEM_RESET'
2018-05-04T16:32:25.342629Z 0 [Note] Shutting down plugin 'INNODB_CMPMEM'
2018-05-04T16:32:25.342946Z 0 [Note] Shutting down plugin 'INNODB_CMP_RESET'
2018-05-04T16:32:25.343274Z 0 [Note] Shutting down plugin 'INNODB_CMP'
2018-05-04T16:32:25.343592Z 0 [Note] Shutting down plugin 'INNODB_LOCK_WAITS'
2018-05-04T16:32:25.343927Z 0 [Note] Shutting down plugin 'INNODB_LOCKS'
2018-05-04T16:32:25.344239Z 0 [Note] Shutting down plugin 'INNODB_TRX'
2018-05-04T16:32:25.344553Z 0 [Note] Shutting down plugin 'InnoDB'
2018-05-04T16:32:25.344887Z 0 [Note] InnoDB: FTS optimize thread exiting.
2018-05-04T16:32:25.345270Z 0 [Note] InnoDB: Starting shutdown...
2018-05-04T16:32:25.447131Z 0 [Note] InnoDB: Dumping buffer pool(s) to D:\AppData\mysql\Data\ib_buffer_pool
2018-05-04T16:32:25.464841Z 0 [Note] InnoDB: Buffer pool(s) dump completed at 180505  0:32:25
2018-05-04T16:32:26.696553Z 0 [Note] InnoDB: Shutdown completed; log sequence number 1209980
2018-05-04T16:32:26.697820Z 0 [Note] InnoDB: Removed temporary tablespace data file: "ibtmp1"
2018-05-04T16:32:26.698520Z 0 [Note] Shutting down plugin 'MEMORY'
2018-05-04T16:32:26.699005Z 0 [Note] Shutting down plugin 'CSV'
2018-05-04T16:32:26.699475Z 0 [Note] Shutting down plugin 'sha256_password'
2018-05-04T16:32:26.700061Z 0 [Note] Shutting down plugin 'mysql_native_password'
2018-05-04T16:32:26.701110Z 0 [Note] Shutting down plugin 'binlog'
2018-05-04T16:32:26.702024Z 0 [Note] D:\Application\mysql-5.7.22-winx64\bin\mysqld.exe: Shutdown complete

2018-05-04T16:33:11.016487Z 0 [Warning] 'NO_ZERO_DATE', 'NO_ZERO_IN_DATE' and 'ERROR_FOR_DIVISION_BY_ZERO' sql modes should be used with strict mode. They will be merged with strict mode in a future release.
2018-05-04T16:33:11.016544Z 0 [Warning] 'NO_AUTO_CREATE_USER' sql mode was not set.
2018-05-04T16:33:11.016565Z 0 [Note] --secure-file-priv is set to NULL. Operations related to importing and exporting data are disabled
2018-05-04T16:33:11.016859Z 0 [Note] D:\Application\mysql-5.7.22-winx64\bin\mysqld.exe (mysqld 5.7.22) starting as process 8880 ...
2018-05-04T16:33:11.024389Z 0 [Note] InnoDB: Mutexes and rw_locks use Windows interlocked functions
2018-05-04T16:33:11.024832Z 0 [Note] InnoDB: Uses event mutexes
2018-05-04T16:33:11.025093Z 0 [Note] InnoDB: _mm_lfence() and _mm_sfence() are used for memory barrier
2018-05-04T16:33:11.025467Z 0 [Note] InnoDB: Compressed tables use zlib 1.2.3
2018-05-04T16:33:11.026045Z 0 [Note] InnoDB: Number of pools: 1
2018-05-04T16:33:11.026491Z 0 [Note] InnoDB: Not using CPU crc32 instructions
2018-05-04T16:33:11.029619Z 0 [Note] InnoDB: Initializing buffer pool, total size = 128M, instances = 1, chunk size = 128M
2018-05-04T16:33:11.036365Z 0 [Note] InnoDB: Completed initialization of buffer pool
2018-05-04T16:33:11.071546Z 0 [Note] InnoDB: Highest supported file format is Barracuda.
2018-05-04T16:33:11.107093Z 0 [Note] InnoDB: Creating shared tablespace for temporary tables
2018-05-04T16:33:11.107824Z 0 [Note] InnoDB: Setting file '.\ibtmp1' size to 12 MB. Physically writing the file full; Please wait ...
2018-05-04T16:33:11.136866Z 0 [Note] InnoDB: File '.\ibtmp1' size is now 12 MB.
2018-05-04T16:33:11.144901Z 0 [Note] InnoDB: 96 redo rollback segment(s) found. 96 redo rollback segment(s) are active.
2018-05-04T16:33:11.145411Z 0 [Note] InnoDB: 32 non-redo rollback segment(s) are active.
2018-05-04T16:33:11.145987Z 0 [Note] InnoDB: Waiting for purge to start
2018-05-04T16:33:11.197014Z 0 [Note] InnoDB: 5.7.22 started; log sequence number 1209980
2018-05-04T16:33:11.198874Z 0 [Note] Plugin 'FEDERATED' is disabled.
2018-05-04T16:33:11.198954Z 0 [Note] InnoDB: Loading buffer pool(s) from D:\AppData\mysql\Data\ib_buffer_pool
mysqld: Table 'mysql.plugin' doesn't exist
2018-05-04T16:33:11.200954Z 0 [ERROR] Can't open the mysql.plugin table. Please run mysql_upgrade to create it.
2018-05-04T16:33:11.203195Z 0 [ERROR] Too many arguments (first extra is '¨Cinitialize').
2018-05-04T16:33:11.203548Z 0 [Note] InnoDB: Buffer pool(s) load completed at 180505  0:33:11
2018-05-04T16:33:11.204608Z 0 [Note] Use --verbose --help to get a list of available options!
2018-05-04T16:33:11.206193Z 0 [ERROR] Aborting

2018-05-04T16:33:11.206773Z 0 [Note] Binlog end
2018-05-04T16:33:11.207403Z 0 [Note] Shutting down plugin 'ngram'
2018-05-04T16:33:11.208117Z 0 [Note] Shutting down plugin 'partition'
2018-05-04T16:33:11.208846Z 0 [Note] Shutting down plugin 'BLACKHOLE'
2018-05-04T16:33:11.209566Z 0 [Note] Shutting down plugin 'ARCHIVE'
2018-05-04T16:33:11.210283Z 0 [Note] Shutting down plugin 'PERFORMANCE_SCHEMA'
2018-05-04T16:33:11.211138Z 0 [Note] Shutting down plugin 'MRG_MYISAM'
2018-05-04T16:33:11.211870Z 0 [Note] Shutting down plugin 'MyISAM'
2018-05-04T16:33:11.212576Z 0 [Note] Shutting down plugin 'INNODB_SYS_VIRTUAL'
2018-05-04T16:33:11.213485Z 0 [Note] Shutting down plugin 'INNODB_SYS_DATAFILES'
2018-05-04T16:33:11.214384Z 0 [Note] Shutting down plugin 'INNODB_SYS_TABLESPACES'
2018-05-04T16:33:11.215217Z 0 [Note] Shutting down plugin 'INNODB_SYS_FOREIGN_COLS'
2018-05-04T16:33:11.216090Z 0 [Note] Shutting down plugin 'INNODB_SYS_FOREIGN'
2018-05-04T16:33:11.216909Z 0 [Note] Shutting down plugin 'INNODB_SYS_FIELDS'
2018-05-04T16:33:11.218342Z 0 [Note] Shutting down plugin 'INNODB_SYS_COLUMNS'
2018-05-04T16:33:11.219319Z 0 [Note] Shutting down plugin 'INNODB_SYS_INDEXES'
2018-05-04T16:33:11.220121Z 0 [Note] Shutting down plugin 'INNODB_SYS_TABLESTATS'
2018-05-04T16:33:11.220937Z 0 [Note] Shutting down plugin 'INNODB_SYS_TABLES'
2018-05-04T16:33:11.221715Z 0 [Note] Shutting down plugin 'INNODB_FT_INDEX_TABLE'
2018-05-04T16:33:11.222638Z 0 [Note] Shutting down plugin 'INNODB_FT_INDEX_CACHE'
2018-05-04T16:33:11.223477Z 0 [Note] Shutting down plugin 'INNODB_FT_CONFIG'
2018-05-04T16:33:11.224385Z 0 [Note] Shutting down plugin 'INNODB_FT_BEING_DELETED'
2018-05-04T16:33:11.225216Z 0 [Note] Shutting down plugin 'INNODB_FT_DELETED'
2018-05-04T16:33:11.225992Z 0 [Note] Shutting down plugin 'INNODB_FT_DEFAULT_STOPWORD'
2018-05-04T16:33:11.226941Z 0 [Note] Shutting down plugin 'INNODB_METRICS'
2018-05-04T16:33:11.227705Z 0 [Note] Shutting down plugin 'INNODB_TEMP_TABLE_INFO'
2018-05-04T16:33:11.228534Z 0 [Note] Shutting down plugin 'INNODB_BUFFER_POOL_STATS'
2018-05-04T16:33:11.229365Z 0 [Note] Shutting down plugin 'INNODB_BUFFER_PAGE_LRU'
2018-05-04T16:33:11.230356Z 0 [Note] Shutting down plugin 'INNODB_BUFFER_PAGE'
2018-05-04T16:33:11.231239Z 0 [Note] Shutting down plugin 'INNODB_CMP_PER_INDEX_RESET'
2018-05-04T16:33:11.232190Z 0 [Note] Shutting down plugin 'INNODB_CMP_PER_INDEX'
2018-05-04T16:33:11.233005Z 0 [Note] Shutting down plugin 'INNODB_CMPMEM_RESET'
2018-05-04T16:33:11.234317Z 0 [Note] Shutting down plugin 'INNODB_CMPMEM'
2018-05-04T16:33:11.235161Z 0 [Note] Shutting down plugin 'INNODB_CMP_RESET'
2018-05-04T16:33:11.235939Z 0 [Note] Shutting down plugin 'INNODB_CMP'
2018-05-04T16:33:11.236686Z 0 [Note] Shutting down plugin 'INNODB_LOCK_WAITS'
2018-05-04T16:33:11.237519Z 0 [Note] Shutting down plugin 'INNODB_LOCKS'
2018-05-04T16:33:11.238284Z 0 [Note] Shutting down plugin 'INNODB_TRX'
2018-05-04T16:33:11.239012Z 0 [Note] Shutting down plugin 'InnoDB'
2018-05-04T16:33:11.239797Z 0 [Note] InnoDB: FTS optimize thread exiting.
2018-05-04T16:33:11.240720Z 0 [Note] InnoDB: Starting shutdown...
2018-05-04T16:33:11.342971Z 0 [Note] InnoDB: Dumping buffer pool(s) to D:\AppData\mysql\Data\ib_buffer_pool
2018-05-04T16:33:11.364937Z 0 [Note] InnoDB: Buffer pool(s) dump completed at 180505  0:33:11
2018-05-04T16:33:12.686611Z 0 [Note] InnoDB: Shutdown completed; log sequence number 1209999
2018-05-04T16:33:12.687994Z 0 [Note] InnoDB: Removed temporary tablespace data file: "ibtmp1"
2018-05-04T16:33:12.688645Z 0 [Note] Shutting down plugin 'MEMORY'
2018-05-04T16:33:12.689091Z 0 [Note] Shutting down plugin 'CSV'
2018-05-04T16:33:12.689499Z 0 [Note] Shutting down plugin 'sha256_password'
2018-05-04T16:33:12.689940Z 0 [Note] Shutting down plugin 'mysql_native_password'
2018-05-04T16:33:12.690600Z 0 [Note] Shutting down plugin 'binlog'
2018-05-04T16:33:12.691092Z 0 [Note] D:\Application\mysql-5.7.22-winx64\bin\mysqld.exe: Shutdown complete

2018-05-04T16:34:10.030788Z 0 [Warning] 'NO_ZERO_DATE', 'NO_ZERO_IN_DATE' and 'ERROR_FOR_DIVISION_BY_ZERO' sql modes should be used with strict mode. They will be merged with strict mode in a future release.
2018-05-04T16:34:10.030865Z 0 [Warning] 'NO_AUTO_CREATE_USER' sql mode was not set.
2018-05-04T16:34:10.030896Z 0 [Note] --secure-file-priv is set to NULL. Operations related to importing and exporting data are disabled
2018-05-04T16:34:10.031252Z 0 [Note] D:\Application\mysql-5.7.22-winx64\bin\mysqld.exe (mysqld 5.7.22) starting as process 7108 ...
2018-05-04T16:34:10.038744Z 0 [Note] InnoDB: Mutexes and rw_locks use Windows interlocked functions
2018-05-04T16:34:10.039185Z 0 [Note] InnoDB: Uses event mutexes
2018-05-04T16:34:10.039465Z 0 [Note] InnoDB: _mm_lfence() and _mm_sfence() are used for memory barrier
2018-05-04T16:34:10.039810Z 0 [Note] InnoDB: Compressed tables use zlib 1.2.3
2018-05-04T16:34:10.040396Z 0 [Note] InnoDB: Number of pools: 1
2018-05-04T16:34:10.040788Z 0 [Note] InnoDB: Not using CPU crc32 instructions
2018-05-04T16:34:10.043507Z 0 [Note] InnoDB: Initializing buffer pool, total size = 128M, instances = 1, chunk size = 128M
2018-05-04T16:34:10.050312Z 0 [Note] InnoDB: Completed initialization of buffer pool
2018-05-04T16:34:10.084657Z 0 [Note] InnoDB: Highest supported file format is Barracuda.
2018-05-04T16:34:10.105852Z 0 [Note] InnoDB: Creating shared tablespace for temporary tables
2018-05-04T16:34:10.106558Z 0 [Note] InnoDB: Setting file '.\ibtmp1' size to 12 MB. Physically writing the file full; Please wait ...
2018-05-04T16:34:10.134702Z 0 [Note] InnoDB: File '.\ibtmp1' size is now 12 MB.
2018-05-04T16:34:10.143329Z 0 [Note] InnoDB: 96 redo rollback segment(s) found. 96 redo rollback segment(s) are active.
2018-05-04T16:34:10.143837Z 0 [Note] InnoDB: 32 non-redo rollback segment(s) are active.
2018-05-04T16:34:10.144411Z 0 [Note] InnoDB: Waiting for purge to start
2018-05-04T16:34:10.195681Z 0 [Note] InnoDB: 5.7.22 started; log sequence number 1209999
2018-05-04T16:34:10.197344Z 0 [Note] Plugin 'FEDERATED' is disabled.
2018-05-04T16:34:10.197419Z 0 [Note] InnoDB: Loading buffer pool(s) from D:\AppData\mysql\Data\ib_buffer_pool
mysqld: Table 'mysql.plugin' doesn't exist
2018-05-04T16:34:10.199041Z 0 [ERROR] Can't open the mysql.plugin table. Please run mysql_upgrade to create it.
2018-05-04T16:34:10.201414Z 0 [Note] InnoDB: Buffer pool(s) load completed at 180505  0:34:10
2018-05-04T16:34:10.202456Z 0 [Warning] Gtid table is not ready to be used. Table 'mysql.gtid_executed' cannot be opened.
2018-05-04T16:34:10.204223Z 0 [Warning] Failed to set up SSL because of the following SSL library error: SSL context is not usable without certificate and private key
2018-05-04T16:34:10.205658Z 0 [Note] Server hostname (bind-address): '0.0.0.0'; port: 3306
2018-05-04T16:34:10.206653Z 0 [Note]   - '0.0.0.0' resolves to '0.0.0.0';
2018-05-04T16:34:10.207449Z 0 [Note] Server socket created on IP: '0.0.0.0'.
2018-05-04T16:34:10.215936Z 0 [Warning] Failed to open optimizer cost constant tables

2018-05-04T16:34:10.218153Z 0 [ERROR] Fatal error: Can't open and lock privilege tables: Table 'mysql.user' doesn't exist
2018-05-04T16:34:10.220581Z 0 [ERROR] Aborting

2018-05-04T16:34:10.221215Z 0 [Note] Binlog end
2018-05-04T16:34:10.221593Z 0 [Note] Shutting down plugin 'ngram'
2018-05-04T16:34:10.222067Z 0 [Note] Shutting down plugin 'partition'
2018-05-04T16:34:10.222863Z 0 [Note] Shutting down plugin 'BLACKHOLE'
2018-05-04T16:34:10.223352Z 0 [Note] Shutting down plugin 'ARCHIVE'
2018-05-04T16:34:10.223933Z 0 [Note] Shutting down plugin 'PERFORMANCE_SCHEMA'
2018-05-04T16:34:10.224540Z 0 [Note] Shutting down plugin 'MRG_MYISAM'
2018-05-04T16:34:10.225031Z 0 [Note] Shutting down plugin 'MyISAM'
2018-05-04T16:34:10.225497Z 0 [Note] Shutting down plugin 'INNODB_SYS_VIRTUAL'
2018-05-04T16:34:10.226039Z 0 [Note] Shutting down plugin 'INNODB_SYS_DATAFILES'
2018-05-04T16:34:10.226710Z 0 [Note] Shutting down plugin 'INNODB_SYS_TABLESPACES'
2018-05-04T16:34:10.227286Z 0 [Note] Shutting down plugin 'INNODB_SYS_FOREIGN_COLS'
2018-05-04T16:34:10.227941Z 0 [Note] Shutting down plugin 'INNODB_SYS_FOREIGN'
2018-05-04T16:34:10.228559Z 0 [Note] Shutting down plugin 'INNODB_SYS_FIELDS'
2018-05-04T16:34:10.229148Z 0 [Note] Shutting down plugin 'INNODB_SYS_COLUMNS'
2018-05-04T16:34:10.229693Z 0 [Note] Shutting down plugin 'INNODB_SYS_INDEXES'
2018-05-04T16:34:10.230274Z 0 [Note] Shutting down plugin 'INNODB_SYS_TABLESTATS'
2018-05-04T16:34:10.230861Z 0 [Note] Shutting down plugin 'INNODB_SYS_TABLES'
2018-05-04T16:34:10.231417Z 0 [Note] Shutting down plugin 'INNODB_FT_INDEX_TABLE'
2018-05-04T16:34:10.232290Z 0 [Note] Shutting down plugin 'INNODB_FT_INDEX_CACHE'
2018-05-04T16:34:10.232865Z 0 [Note] Shutting down plugin 'INNODB_FT_CONFIG'
2018-05-04T16:34:10.233411Z 0 [Note] Shutting down plugin 'INNODB_FT_BEING_DELETED'
2018-05-04T16:34:10.234054Z 0 [Note] Shutting down plugin 'INNODB_FT_DELETED'
2018-05-04T16:34:10.234600Z 0 [Note] Shutting down plugin 'INNODB_FT_DEFAULT_STOPWORD'
2018-05-04T16:34:10.235176Z 0 [Note] Shutting down plugin 'INNODB_METRICS'
2018-05-04T16:34:10.235707Z 0 [Note] Shutting down plugin 'INNODB_TEMP_TABLE_INFO'
2018-05-04T16:34:10.236259Z 0 [Note] Shutting down plugin 'INNODB_BUFFER_POOL_STATS'
2018-05-04T16:34:10.236827Z 0 [Note] Shutting down plugin 'INNODB_BUFFER_PAGE_LRU'
2018-05-04T16:34:10.237464Z 0 [Note] Shutting down plugin 'INNODB_BUFFER_PAGE'
2018-05-04T16:34:10.238014Z 0 [Note] Shutting down plugin 'INNODB_CMP_PER_INDEX_RESET'
2018-05-04T16:34:10.238876Z 0 [Note] Shutting down plugin 'INNODB_CMP_PER_INDEX'
2018-05-04T16:34:10.239797Z 0 [Note] Shutting down plugin 'INNODB_CMPMEM_RESET'
2018-05-04T16:34:10.240590Z 0 [Note] Shutting down plugin 'INNODB_CMPMEM'
2018-05-04T16:34:10.241315Z 0 [Note] Shutting down plugin 'INNODB_CMP_RESET'
2018-05-04T16:34:10.242072Z 0 [Note] Shutting down plugin 'INNODB_CMP'
2018-05-04T16:34:10.242821Z 0 [Note] Shutting down plugin 'INNODB_LOCK_WAITS'
2018-05-04T16:34:10.243344Z 0 [Note] Shutting down plugin 'INNODB_LOCKS'
2018-05-04T16:34:10.243853Z 0 [Note] Shutting down plugin 'INNODB_TRX'
2018-05-04T16:34:10.244330Z 0 [Note] Shutting down plugin 'InnoDB'
2018-05-04T16:34:10.244843Z 0 [Note] InnoDB: FTS optimize thread exiting.
2018-05-04T16:34:10.245570Z 0 [Note] InnoDB: Starting shutdown...
2018-05-04T16:34:10.346499Z 0 [Note] InnoDB: Dumping buffer pool(s) to D:\AppData\mysql\Data\ib_buffer_pool
2018-05-04T16:34:10.352769Z 0 [Note] InnoDB: Buffer pool(s) dump completed at 180505  0:34:10
2018-05-04T16:34:11.716567Z 0 [Note] InnoDB: Shutdown completed; log sequence number 1210018
2018-05-04T16:34:11.717855Z 0 [Note] InnoDB: Removed temporary tablespace data file: "ibtmp1"
2018-05-04T16:34:11.718610Z 0 [Note] Shutting down plugin 'MEMORY'
2018-05-04T16:34:11.719458Z 0 [Note] Shutting down plugin 'CSV'
2018-05-04T16:34:11.720023Z 0 [Note] Shutting down plugin 'sha256_password'
2018-05-04T16:34:11.720643Z 0 [Note] Shutting down plugin 'mysql_native_password'
2018-05-04T16:34:11.721523Z 0 [Note] Shutting down plugin 'binlog'
2018-05-04T16:34:11.722291Z 0 [Note] D:\Application\mysql-5.7.22-winx64\bin\mysqld.exe: Shutdown complete

